<?xml version="1.0" encoding="UTF-8"?>
<coverage generated="1548741741544" clover="3.2.0">
  <project timestamp="1548741741545" name="All files">
    <metrics statements="116" coveredstatements="112" conditionals="28" coveredconditionals="25" methods="31" coveredmethods="31" elements="175" coveredelements="168" complexity="0" loc="116" ncloc="116" packages="3" files="7" classes="7">
      <package name="backend">
        <metrics statements="18" coveredstatements="16" conditionals="4" coveredconditionals="2" methods="5" coveredmethods="5"/>
        <file name="test-setup.js" path="/home/viranm/Desktop/tutorials/sample-project/backend/test-setup.js">
          <metrics statements="18" coveredstatements="16" conditionals="4" coveredconditionals="2" methods="5" coveredmethods="5"/>
          <line num="3" count="3" type="stmt"/>
          <line num="6" count="3" type="stmt"/>
          <line num="7" count="3" type="stmt"/>
          <line num="8" count="3" type="stmt"/>
          <line num="10" count="3" type="stmt"/>
          <line num="16" count="3" type="stmt"/>
          <line num="17" count="9" type="stmt"/>
          <line num="19" count="3" type="stmt"/>
          <line num="27" count="3" type="cond" truecount="1" falsecount="1"/>
          <line num="28" count="3" type="stmt"/>
          <line num="29" count="3" type="stmt"/>
          <line num="32" count="3" type="cond" truecount="1" falsecount="1"/>
          <line num="33" count="0" type="stmt"/>
          <line num="35" count="3" type="stmt"/>
          <line num="39" count="0" type="stmt"/>
          <line num="47" count="3" type="stmt"/>
          <line num="48" count="3" type="stmt"/>
          <line num="49" count="3" type="stmt"/>
        </file>
      </package>
      <package name="backend.controllers">
        <metrics statements="86" coveredstatements="84" conditionals="24" coveredconditionals="23" methods="26" coveredmethods="26"/>
        <file name="item-controller.js" path="/home/viranm/Desktop/tutorials/sample-project/backend/controllers/item-controller.js">
          <metrics statements="10" coveredstatements="10" conditionals="0" coveredconditionals="0" methods="4" coveredmethods="4"/>
          <line num="1" count="2" type="stmt"/>
          <line num="3" count="2" type="stmt"/>
          <line num="4" count="3" type="stmt"/>
          <line num="7" count="2" type="stmt"/>
          <line num="8" count="3" type="stmt"/>
          <line num="11" count="2" type="stmt"/>
          <line num="12" count="4" type="stmt"/>
          <line num="15" count="2" type="stmt"/>
          <line num="16" count="1" type="stmt"/>
          <line num="19" count="2" type="stmt"/>
        </file>
        <file name="order-controller.js" path="/home/viranm/Desktop/tutorials/sample-project/backend/controllers/order-controller.js">
          <metrics statements="38" coveredstatements="38" conditionals="10" coveredconditionals="10" methods="12" coveredmethods="12"/>
          <line num="1" count="1" type="stmt"/>
          <line num="2" count="1" type="stmt"/>
          <line num="4" count="1" type="stmt"/>
          <line num="5" count="1" type="stmt"/>
          <line num="7" count="1" type="stmt"/>
          <line num="8" count="2" type="stmt"/>
          <line num="10" count="1" type="stmt"/>
          <line num="11" count="9" type="stmt"/>
          <line num="14" count="1" type="stmt"/>
          <line num="15" count="1" type="stmt"/>
          <line num="22" count="1" type="stmt"/>
          <line num="23" count="4" type="stmt"/>
          <line num="24" count="4" type="cond" truecount="2" falsecount="0"/>
          <line num="26" count="3" type="stmt"/>
          <line num="27" count="3" type="stmt"/>
          <line num="28" count="2" type="cond" truecount="2" falsecount="0"/>
          <line num="29" count="1" type="stmt"/>
          <line num="30" count="1" type="stmt"/>
          <line num="31" count="1" type="stmt"/>
          <line num="36" count="2" type="stmt"/>
          <line num="37" count="2" type="cond" truecount="2" falsecount="0"/>
          <line num="38" count="1" type="stmt"/>
          <line num="42" count="1" type="stmt"/>
          <line num="44" count="1" type="stmt"/>
          <line num="49" count="1" type="stmt"/>
          <line num="54" count="1" type="stmt"/>
          <line num="55" count="2" type="stmt"/>
          <line num="56" count="2" type="cond" truecount="2" falsecount="0"/>
          <line num="57" count="1" type="stmt"/>
          <line num="58" count="1" type="stmt"/>
          <line num="60" count="1" type="stmt"/>
          <line num="65" count="1" type="stmt"/>
          <line num="66" count="2" type="stmt"/>
          <line num="67" count="2" type="cond" truecount="2" falsecount="0"/>
          <line num="68" count="1" type="stmt"/>
          <line num="69" count="1" type="stmt"/>
          <line num="71" count="1" type="stmt"/>
          <line num="76" count="1" type="stmt"/>
        </file>
        <file name="user-controller.js" path="/home/viranm/Desktop/tutorials/sample-project/backend/controllers/user-controller.js">
          <metrics statements="38" coveredstatements="36" conditionals="14" coveredconditionals="13" methods="10" coveredmethods="10"/>
          <line num="1" count="1" type="stmt"/>
          <line num="2" count="1" type="stmt"/>
          <line num="3" count="1" type="stmt"/>
          <line num="5" count="1" type="stmt"/>
          <line num="7" count="1" type="stmt"/>
          <line num="9" count="2" type="stmt"/>
          <line num="10" count="2" type="cond" truecount="2" falsecount="0"/>
          <line num="11" count="1" type="stmt"/>
          <line num="13" count="1" type="stmt"/>
          <line num="18" count="1" type="stmt"/>
          <line num="19" count="5" type="stmt"/>
          <line num="20" count="5" type="cond" truecount="2" falsecount="0"/>
          <line num="21" count="2" type="stmt"/>
          <line num="23" count="3" type="cond" truecount="2" falsecount="0"/>
          <line num="24" count="1" type="stmt"/>
          <line num="26" count="2" type="cond" truecount="2" falsecount="0"/>
          <line num="27" count="1" type="stmt"/>
          <line num="29" count="1" type="stmt"/>
          <line num="30" count="1" type="stmt"/>
          <line num="31" count="1" type="stmt"/>
          <line num="32" count="1" type="stmt"/>
          <line num="33" count="1" type="stmt"/>
          <line num="35" count="0" type="stmt"/>
          <line num="42" count="1" type="stmt"/>
          <line num="43" count="3" type="stmt"/>
          <line num="46" count="3" type="cond" truecount="2" falsecount="0"/>
          <line num="47" count="2" type="stmt"/>
          <line num="48" count="2" type="cond" truecount="2" falsecount="0"/>
          <line num="49" count="1" type="stmt"/>
          <line num="51" count="1" type="stmt"/>
          <line num="52" count="1" type="cond" truecount="1" falsecount="1"/>
          <line num="53" count="0" type="stmt"/>
          <line num="55" count="1" type="stmt"/>
          <line num="60" count="1" type="stmt"/>
          <line num="64" count="1" type="stmt"/>
          <line num="69" count="1" type="stmt"/>
          <line num="70" count="1" type="stmt"/>
          <line num="73" count="1" type="stmt"/>
        </file>
      </package>
      <package name="backend.models">
        <metrics statements="12" coveredstatements="12" conditionals="0" coveredconditionals="0" methods="0" coveredmethods="0"/>
        <file name="item.js" path="/home/viranm/Desktop/tutorials/sample-project/backend/models/item.js">
          <metrics statements="4" coveredstatements="4" conditionals="0" coveredconditionals="0" methods="0" coveredmethods="0"/>
          <line num="1" count="3" type="stmt"/>
          <line num="2" count="3" type="stmt"/>
          <line num="4" count="3" type="stmt"/>
          <line num="18" count="3" type="stmt"/>
        </file>
        <file name="order.js" path="/home/viranm/Desktop/tutorials/sample-project/backend/models/order.js">
          <metrics statements="4" coveredstatements="4" conditionals="0" coveredconditionals="0" methods="0" coveredmethods="0"/>
          <line num="1" count="3" type="stmt"/>
          <line num="2" count="3" type="stmt"/>
          <line num="4" count="3" type="stmt"/>
          <line num="15" count="3" type="stmt"/>
        </file>
        <file name="user.js" path="/home/viranm/Desktop/tutorials/sample-project/backend/models/user.js">
          <metrics statements="4" coveredstatements="4" conditionals="0" coveredconditionals="0" methods="0" coveredmethods="0"/>
          <line num="1" count="3" type="stmt"/>
          <line num="2" count="3" type="stmt"/>
          <line num="4" count="3" type="stmt"/>
          <line num="18" count="3" type="stmt"/>
        </file>
      </package>
    </metrics>
  </project>
</coverage>
