{"/home/viranm/Desktop/tutorials/sample-project/backend/test-setup.js": {"path":"/home/viranm/Desktop/tutorials/sample-project/backend/test-setup.js","statementMap":{"0":{"start":{"line":3,"column":17},"end":{"line":3,"column":36}},"1":{"start":{"line":6,"column":0},"end":{"line":6,"column":25}},"2":{"start":{"line":7,"column":0},"end":{"line":7,"column":26}},"3":{"start":{"line":8,"column":0},"end":{"line":8,"column":25}},"4":{"start":{"line":10,"column":0},"end":{"line":41,"column":3}},"5":{"start":{"line":16,"column":4},"end":{"line":18,"column":5}},"6":{"start":{"line":17,"column":6},"end":{"line":17,"column":67}},"7":{"start":{"line":19,"column":4},"end":{"line":19,"column":18}},"8":{"start":{"line":27,"column":2},"end":{"line":40,"column":3}},"9":{"start":{"line":28,"column":4},"end":{"line":28,"column":38}},"10":{"start":{"line":29,"column":4},"end":{"line":37,"column":6}},"11":{"start":{"line":32,"column":8},"end":{"line":34,"column":9}},"12":{"start":{"line":33,"column":10},"end":{"line":33,"column":20}},"13":{"start":{"line":35,"column":8},"end":{"line":35,"column":25}},"14":{"start":{"line":39,"column":4},"end":{"line":39,"column":21}},"15":{"start":{"line":47,"column":0},"end":{"line":50,"column":3}},"16":{"start":{"line":48,"column":2},"end":{"line":48,"column":24}},"17":{"start":{"line":49,"column":2},"end":{"line":49,"column":16}}},"fnMap":{"0":{"name":"(anonymous_0)","decl":{"start":{"line":10,"column":10},"end":{"line":10,"column":11}},"loc":{"start":{"line":10,"column":25},"end":{"line":41,"column":1}},"line":10},"1":{"name":"clearDB","decl":{"start":{"line":15,"column":11},"end":{"line":15,"column":18}},"loc":{"start":{"line":15,"column":21},"end":{"line":20,"column":3}},"line":15},"2":{"name":"(anonymous_2)","decl":{"start":{"line":17,"column":52},"end":{"line":17,"column":53}},"loc":{"start":{"line":17,"column":63},"end":{"line":17,"column":65}},"line":17},"3":{"name":"(anonymous_3)","decl":{"start":{"line":31,"column":6},"end":{"line":31,"column":7}},"loc":{"start":{"line":31,"column":20},"end":{"line":36,"column":7}},"line":31},"4":{"name":"(anonymous_4)","decl":{"start":{"line":47,"column":9},"end":{"line":47,"column":10}},"loc":{"start":{"line":47,"column":17},"end":{"line":50,"column":1}},"line":47}},"branchMap":{"0":{"loc":{"start":{"line":27,"column":2},"end":{"line":40,"column":3}},"type":"if","locations":[{"start":{"line":27,"column":2},"end":{"line":40,"column":3}},{"start":{"line":27,"column":2},"end":{"line":40,"column":3}}],"line":27},"1":{"loc":{"start":{"line":32,"column":8},"end":{"line":34,"column":9}},"type":"if","locations":[{"start":{"line":32,"column":8},"end":{"line":34,"column":9}},{"start":{"line":32,"column":8},"end":{"line":34,"column":9}}],"line":32}},"s":{"0":3,"1":3,"2":3,"3":3,"4":3,"5":3,"6":9,"7":3,"8":3,"9":3,"10":3,"11":3,"12":0,"13":3,"14":0,"15":3,"16":3,"17":3},"f":{"0":3,"1":3,"2":9,"3":3,"4":3},"b":{"0":[3,0],"1":[0,3]},"_coverageSchema":"332fd63041d2c1bcb487cc26dd0d5f7d97098a6c","hash":"464ad7efc7ee289d6c1cb39afbd1685c5e3ed6ba"}
,"/home/viranm/Desktop/tutorials/sample-project/backend/controllers/item-controller.js": {"path":"/home/viranm/Desktop/tutorials/sample-project/backend/controllers/item-controller.js","statementMap":{"0":{"start":{"line":1,"column":13},"end":{"line":1,"column":38}},"1":{"start":{"line":3,"column":15},"end":{"line":5,"column":1}},"2":{"start":{"line":4,"column":4},"end":{"line":4,"column":33}},"3":{"start":{"line":7,"column":13},"end":{"line":9,"column":1}},"4":{"start":{"line":8,"column":4},"end":{"line":8,"column":28}},"5":{"start":{"line":11,"column":17},"end":{"line":13,"column":1}},"6":{"start":{"line":12,"column":4},"end":{"line":12,"column":29}},"7":{"start":{"line":15,"column":25},"end":{"line":17,"column":1}},"8":{"start":{"line":16,"column":4},"end":{"line":16,"column":40}},"9":{"start":{"line":19,"column":0},"end":{"line":24,"column":2}}},"fnMap":{"0":{"name":"(anonymous_0)","decl":{"start":{"line":3,"column":15},"end":{"line":3,"column":16}},"loc":{"start":{"line":3,"column":25},"end":{"line":5,"column":1}},"line":3},"1":{"name":"(anonymous_1)","decl":{"start":{"line":7,"column":13},"end":{"line":7,"column":14}},"loc":{"start":{"line":7,"column":24},"end":{"line":9,"column":1}},"line":7},"2":{"name":"(anonymous_2)","decl":{"start":{"line":11,"column":17},"end":{"line":11,"column":18}},"loc":{"start":{"line":11,"column":25},"end":{"line":13,"column":1}},"line":11},"3":{"name":"(anonymous_3)","decl":{"start":{"line":15,"column":25},"end":{"line":15,"column":26}},"loc":{"start":{"line":15,"column":36},"end":{"line":17,"column":1}},"line":15}},"branchMap":{},"s":{"0":2,"1":2,"2":3,"3":2,"4":3,"5":2,"6":4,"7":2,"8":1,"9":2},"f":{"0":3,"1":3,"2":4,"3":1},"b":{},"_coverageSchema":"332fd63041d2c1bcb487cc26dd0d5f7d97098a6c","hash":"cc50451d5f4d0a39d4e18bf2794c70f40888d084"}
,"/home/viranm/Desktop/tutorials/sample-project/backend/controllers/order-controller.js": {"path":"/home/viranm/Desktop/tutorials/sample-project/backend/controllers/order-controller.js","statementMap":{"0":{"start":{"line":1,"column":14},"end":{"line":1,"column":40}},"1":{"start":{"line":2,"column":23},"end":{"line":2,"column":51}},"2":{"start":{"line":4,"column":15},"end":{"line":6,"column":1}},"3":{"start":{"line":5,"column":2},"end":{"line":5,"column":32}},"4":{"start":{"line":7,"column":13},"end":{"line":9,"column":1}},"5":{"start":{"line":8,"column":2},"end":{"line":8,"column":27}},"6":{"start":{"line":10,"column":17},"end":{"line":12,"column":1}},"7":{"start":{"line":11,"column":2},"end":{"line":11,"column":28}},"8":{"start":{"line":14,"column":19},"end":{"line":18,"column":1}},"9":{"start":{"line":15,"column":2},"end":{"line":17,"column":5}},"10":{"start":{"line":22,"column":18},"end":{"line":52,"column":1}},"11":{"start":{"line":23,"column":2},"end":{"line":51,"column":5}},"12":{"start":{"line":24,"column":4},"end":{"line":50,"column":5}},"13":{"start":{"line":26,"column":26},"end":{"line":26,"column":31}},"14":{"start":{"line":27,"column":6},"end":{"line":33,"column":7}},"15":{"start":{"line":28,"column":8},"end":{"line":32,"column":9}},"16":{"start":{"line":29,"column":10},"end":{"line":29,"column":31}},"17":{"start":{"line":30,"column":10},"end":{"line":30,"column":44}},"18":{"start":{"line":31,"column":10},"end":{"line":31,"column":32}},"19":{"start":{"line":36,"column":8},"end":{"line":46,"column":11}},"20":{"start":{"line":37,"column":10},"end":{"line":45,"column":11}},"21":{"start":{"line":38,"column":12},"end":{"line":41,"column":14}},"22":{"start":{"line":42,"column":12},"end":{"line":42,"column":34}},"23":{"start":{"line":44,"column":12},"end":{"line":44,"column":34}},"24":{"start":{"line":49,"column":6},"end":{"line":49,"column":29}},"25":{"start":{"line":54,"column":28},"end":{"line":63,"column":1}},"26":{"start":{"line":55,"column":2},"end":{"line":62,"column":4}},"27":{"start":{"line":56,"column":4},"end":{"line":61,"column":5}},"28":{"start":{"line":57,"column":6},"end":{"line":57,"column":78}},"29":{"start":{"line":57,"column":48},"end":{"line":57,"column":76}},"30":{"start":{"line":58,"column":6},"end":{"line":58,"column":28}},"31":{"start":{"line":60,"column":6},"end":{"line":60,"column":30}},"32":{"start":{"line":65,"column":20},"end":{"line":74,"column":1}},"33":{"start":{"line":66,"column":2},"end":{"line":73,"column":5}},"34":{"start":{"line":67,"column":4},"end":{"line":72,"column":5}},"35":{"start":{"line":68,"column":6},"end":{"line":68,"column":33}},"36":{"start":{"line":69,"column":6},"end":{"line":69,"column":28}},"37":{"start":{"line":71,"column":6},"end":{"line":71,"column":30}},"38":{"start":{"line":76,"column":0},"end":{"line":84,"column":2}}},"fnMap":{"0":{"name":"(anonymous_0)","decl":{"start":{"line":4,"column":15},"end":{"line":4,"column":16}},"loc":{"start":{"line":4,"column":25},"end":{"line":6,"column":1}},"line":4},"1":{"name":"(anonymous_1)","decl":{"start":{"line":7,"column":13},"end":{"line":7,"column":14}},"loc":{"start":{"line":7,"column":24},"end":{"line":9,"column":1}},"line":7},"2":{"name":"(anonymous_2)","decl":{"start":{"line":10,"column":17},"end":{"line":10,"column":18}},"loc":{"start":{"line":10,"column":25},"end":{"line":12,"column":1}},"line":10},"3":{"name":"(anonymous_3)","decl":{"start":{"line":14,"column":19},"end":{"line":14,"column":20}},"loc":{"start":{"line":14,"column":27},"end":{"line":18,"column":1}},"line":14},"4":{"name":"(anonymous_4)","decl":{"start":{"line":22,"column":18},"end":{"line":22,"column":19}},"loc":{"start":{"line":22,"column":39},"end":{"line":52,"column":1}},"line":22},"5":{"name":"(anonymous_5)","decl":{"start":{"line":23,"column":27},"end":{"line":23,"column":28}},"loc":{"start":{"line":23,"column":38},"end":{"line":51,"column":3}},"line":23},"6":{"name":"(anonymous_6)","decl":{"start":{"line":36,"column":64},"end":{"line":36,"column":65}},"loc":{"start":{"line":36,"column":74},"end":{"line":46,"column":9}},"line":36},"7":{"name":"(anonymous_7)","decl":{"start":{"line":54,"column":28},"end":{"line":54,"column":29}},"loc":{"start":{"line":54,"column":49},"end":{"line":63,"column":1}},"line":54},"8":{"name":"(anonymous_8)","decl":{"start":{"line":55,"column":32},"end":{"line":55,"column":33}},"loc":{"start":{"line":55,"column":45},"end":{"line":62,"column":3}},"line":55},"9":{"name":"(anonymous_9)","decl":{"start":{"line":57,"column":43},"end":{"line":57,"column":44}},"loc":{"start":{"line":57,"column":48},"end":{"line":57,"column":76}},"line":57},"10":{"name":"(anonymous_10)","decl":{"start":{"line":65,"column":20},"end":{"line":65,"column":21}},"loc":{"start":{"line":65,"column":44},"end":{"line":74,"column":1}},"line":65},"11":{"name":"(anonymous_11)","decl":{"start":{"line":66,"column":32},"end":{"line":66,"column":33}},"loc":{"start":{"line":66,"column":43},"end":{"line":73,"column":3}},"line":66}},"branchMap":{"0":{"loc":{"start":{"line":24,"column":4},"end":{"line":50,"column":5}},"type":"if","locations":[{"start":{"line":24,"column":4},"end":{"line":50,"column":5}},{"start":{"line":24,"column":4},"end":{"line":50,"column":5}}],"line":24},"1":{"loc":{"start":{"line":28,"column":8},"end":{"line":32,"column":9}},"type":"if","locations":[{"start":{"line":28,"column":8},"end":{"line":32,"column":9}},{"start":{"line":28,"column":8},"end":{"line":32,"column":9}}],"line":28},"2":{"loc":{"start":{"line":37,"column":10},"end":{"line":45,"column":11}},"type":"if","locations":[{"start":{"line":37,"column":10},"end":{"line":45,"column":11}},{"start":{"line":37,"column":10},"end":{"line":45,"column":11}}],"line":37},"3":{"loc":{"start":{"line":56,"column":4},"end":{"line":61,"column":5}},"type":"if","locations":[{"start":{"line":56,"column":4},"end":{"line":61,"column":5}},{"start":{"line":56,"column":4},"end":{"line":61,"column":5}}],"line":56},"4":{"loc":{"start":{"line":67,"column":4},"end":{"line":72,"column":5}},"type":"if","locations":[{"start":{"line":67,"column":4},"end":{"line":72,"column":5}},{"start":{"line":67,"column":4},"end":{"line":72,"column":5}}],"line":67}},"s":{"0":1,"1":1,"2":1,"3":1,"4":1,"5":2,"6":1,"7":9,"8":1,"9":1,"10":1,"11":4,"12":4,"13":3,"14":3,"15":2,"16":1,"17":1,"18":1,"19":2,"20":2,"21":1,"22":1,"23":1,"24":1,"25":1,"26":2,"27":2,"28":1,"29":1,"30":1,"31":1,"32":1,"33":2,"34":2,"35":1,"36":1,"37":1,"38":1},"f":{"0":1,"1":2,"2":9,"3":1,"4":4,"5":4,"6":2,"7":2,"8":2,"9":1,"10":2,"11":2},"b":{"0":[3,1],"1":[1,1],"2":[1,1],"3":[1,1],"4":[1,1]},"_coverageSchema":"332fd63041d2c1bcb487cc26dd0d5f7d97098a6c","hash":"90349d603e13ac5ceb1dd49e26f78feda99792d6"}
,"/home/viranm/Desktop/tutorials/sample-project/backend/controllers/user-controller.js": {"path":"/home/viranm/Desktop/tutorials/sample-project/backend/controllers/user-controller.js","statementMap":{"0":{"start":{"line":1,"column":11},"end":{"line":1,"column":36}},"1":{"start":{"line":2,"column":10},"end":{"line":2,"column":33}},"2":{"start":{"line":3,"column":14},"end":{"line":3,"column":33}},"3":{"start":{"line":5,"column":15},"end":{"line":5,"column":23}},"4":{"start":{"line":7,"column":20},"end":{"line":16,"column":1}},"5":{"start":{"line":9,"column":2},"end":{"line":15,"column":5}},"6":{"start":{"line":10,"column":4},"end":{"line":14,"column":5}},"7":{"start":{"line":11,"column":6},"end":{"line":11,"column":16}},"8":{"start":{"line":13,"column":6},"end":{"line":13,"column":15}},"9":{"start":{"line":18,"column":19},"end":{"line":39,"column":1}},"10":{"start":{"line":19,"column":2},"end":{"line":38,"column":4}},"11":{"start":{"line":20,"column":4},"end":{"line":22,"column":5}},"12":{"start":{"line":21,"column":6},"end":{"line":21,"column":41}},"13":{"start":{"line":23,"column":4},"end":{"line":25,"column":5}},"14":{"start":{"line":24,"column":6},"end":{"line":24,"column":41}},"15":{"start":{"line":26,"column":4},"end":{"line":37,"column":5}},"16":{"start":{"line":27,"column":6},"end":{"line":27,"column":44}},"17":{"start":{"line":29,"column":6},"end":{"line":36,"column":7}},"18":{"start":{"line":30,"column":21},"end":{"line":30,"column":46}},"19":{"start":{"line":31,"column":21},"end":{"line":31,"column":60}},"20":{"start":{"line":32,"column":8},"end":{"line":32,"column":29}},"21":{"start":{"line":33,"column":8},"end":{"line":33,"column":37}},"22":{"start":{"line":35,"column":8},"end":{"line":35,"column":20}},"23":{"start":{"line":42,"column":14},"end":{"line":67,"column":1}},"24":{"start":{"line":43,"column":2},"end":{"line":66,"column":6}},"25":{"start":{"line":46,"column":6},"end":{"line":65,"column":7}},"26":{"start":{"line":47,"column":8},"end":{"line":62,"column":11}},"27":{"start":{"line":48,"column":10},"end":{"line":61,"column":11}},"28":{"start":{"line":49,"column":12},"end":{"line":58,"column":15}},"29":{"start":{"line":51,"column":14},"end":{"line":57,"column":16}},"30":{"start":{"line":52,"column":16},"end":{"line":56,"column":17}},"31":{"start":{"line":53,"column":18},"end":{"line":53,"column":37}},"32":{"start":{"line":55,"column":18},"end":{"line":55,"column":33}},"33":{"start":{"line":60,"column":12},"end":{"line":60,"column":43}},"34":{"start":{"line":64,"column":8},"end":{"line":64,"column":37}},"35":{"start":{"line":69,"column":25},"end":{"line":71,"column":1}},"36":{"start":{"line":70,"column":2},"end":{"line":70,"column":38}},"37":{"start":{"line":73,"column":0},"end":{"line":78,"column":2}}},"fnMap":{"0":{"name":"(anonymous_0)","decl":{"start":{"line":7,"column":20},"end":{"line":7,"column":21}},"loc":{"start":{"line":7,"column":35},"end":{"line":16,"column":1}},"line":7},"1":{"name":"(anonymous_1)","decl":{"start":{"line":9,"column":28},"end":{"line":9,"column":29}},"loc":{"start":{"line":9,"column":43},"end":{"line":15,"column":3}},"line":9},"2":{"name":"(anonymous_2)","decl":{"start":{"line":18,"column":19},"end":{"line":18,"column":20}},"loc":{"start":{"line":18,"column":29},"end":{"line":39,"column":1}},"line":18},"3":{"name":"(anonymous_3)","decl":{"start":{"line":19,"column":56},"end":{"line":19,"column":57}},"loc":{"start":{"line":19,"column":74},"end":{"line":38,"column":3}},"line":19},"4":{"name":"(anonymous_4)","decl":{"start":{"line":42,"column":14},"end":{"line":42,"column":15}},"loc":{"start":{"line":42,"column":24},"end":{"line":67,"column":1}},"line":42},"5":{"name":"(anonymous_5)","decl":{"start":{"line":45,"column":17},"end":{"line":45,"column":18}},"loc":{"start":{"line":45,"column":27},"end":{"line":66,"column":5}},"line":45},"6":{"name":"(anonymous_6)","decl":{"start":{"line":47,"column":68},"end":{"line":47,"column":69}},"loc":{"start":{"line":47,"column":81},"end":{"line":62,"column":9}},"line":47},"7":{"name":"(anonymous_7)","decl":{"start":{"line":49,"column":31},"end":{"line":49,"column":32}},"loc":{"start":{"line":49,"column":52},"end":{"line":58,"column":13}},"line":49},"8":{"name":"(anonymous_8)","decl":{"start":{"line":51,"column":66},"end":{"line":51,"column":67}},"loc":{"start":{"line":51,"column":82},"end":{"line":57,"column":15}},"line":51},"9":{"name":"(anonymous_9)","decl":{"start":{"line":69,"column":25},"end":{"line":69,"column":26}},"loc":{"start":{"line":69,"column":36},"end":{"line":71,"column":1}},"line":69}},"branchMap":{"0":{"loc":{"start":{"line":10,"column":4},"end":{"line":14,"column":5}},"type":"if","locations":[{"start":{"line":10,"column":4},"end":{"line":14,"column":5}},{"start":{"line":10,"column":4},"end":{"line":14,"column":5}}],"line":10},"1":{"loc":{"start":{"line":20,"column":4},"end":{"line":22,"column":5}},"type":"if","locations":[{"start":{"line":20,"column":4},"end":{"line":22,"column":5}},{"start":{"line":20,"column":4},"end":{"line":22,"column":5}}],"line":20},"2":{"loc":{"start":{"line":23,"column":4},"end":{"line":25,"column":5}},"type":"if","locations":[{"start":{"line":23,"column":4},"end":{"line":25,"column":5}},{"start":{"line":23,"column":4},"end":{"line":25,"column":5}}],"line":23},"3":{"loc":{"start":{"line":26,"column":4},"end":{"line":37,"column":5}},"type":"if","locations":[{"start":{"line":26,"column":4},"end":{"line":37,"column":5}},{"start":{"line":26,"column":4},"end":{"line":37,"column":5}}],"line":26},"4":{"loc":{"start":{"line":46,"column":6},"end":{"line":65,"column":7}},"type":"if","locations":[{"start":{"line":46,"column":6},"end":{"line":65,"column":7}},{"start":{"line":46,"column":6},"end":{"line":65,"column":7}}],"line":46},"5":{"loc":{"start":{"line":48,"column":10},"end":{"line":61,"column":11}},"type":"if","locations":[{"start":{"line":48,"column":10},"end":{"line":61,"column":11}},{"start":{"line":48,"column":10},"end":{"line":61,"column":11}}],"line":48},"6":{"loc":{"start":{"line":52,"column":16},"end":{"line":56,"column":17}},"type":"if","locations":[{"start":{"line":52,"column":16},"end":{"line":56,"column":17}},{"start":{"line":52,"column":16},"end":{"line":56,"column":17}}],"line":52}},"s":{"0":1,"1":1,"2":1,"3":1,"4":1,"5":2,"6":2,"7":1,"8":1,"9":1,"10":5,"11":5,"12":2,"13":3,"14":1,"15":2,"16":1,"17":1,"18":1,"19":1,"20":1,"21":1,"22":0,"23":1,"24":3,"25":3,"26":2,"27":2,"28":1,"29":1,"30":1,"31":0,"32":1,"33":1,"34":1,"35":1,"36":1,"37":1},"f":{"0":2,"1":2,"2":5,"3":5,"4":3,"5":3,"6":2,"7":1,"8":1,"9":1},"b":{"0":[1,1],"1":[2,3],"2":[1,2],"3":[1,1],"4":[2,1],"5":[1,1],"6":[0,1]},"_coverageSchema":"332fd63041d2c1bcb487cc26dd0d5f7d97098a6c","hash":"d235fa9242ba88206c1b1fd168663f47b22ecb70"}
,"/home/viranm/Desktop/tutorials/sample-project/backend/models/item.js": {"path":"/home/viranm/Desktop/tutorials/sample-project/backend/models/item.js","statementMap":{"0":{"start":{"line":1,"column":15},"end":{"line":1,"column":34}},"1":{"start":{"line":2,"column":13},"end":{"line":2,"column":28}},"2":{"start":{"line":4,"column":13},"end":{"line":16,"column":2}},"3":{"start":{"line":18,"column":0},"end":{"line":18,"column":48}}},"fnMap":{},"branchMap":{},"s":{"0":3,"1":3,"2":3,"3":3},"f":{},"b":{},"_coverageSchema":"332fd63041d2c1bcb487cc26dd0d5f7d97098a6c","hash":"9bb13d12ce8416c4ce907c62bc431f3e9f6fd4b8"}
,"/home/viranm/Desktop/tutorials/sample-project/backend/models/order.js": {"path":"/home/viranm/Desktop/tutorials/sample-project/backend/models/order.js","statementMap":{"0":{"start":{"line":1,"column":15},"end":{"line":1,"column":34}},"1":{"start":{"line":2,"column":13},"end":{"line":2,"column":28}},"2":{"start":{"line":4,"column":13},"end":{"line":13,"column":2}},"3":{"start":{"line":15,"column":0},"end":{"line":15,"column":49}}},"fnMap":{},"branchMap":{},"s":{"0":3,"1":3,"2":3,"3":3},"f":{},"b":{},"_coverageSchema":"332fd63041d2c1bcb487cc26dd0d5f7d97098a6c","hash":"336f80459721c4a7f9876eb91e4832c27d4f3f1e"}
,"/home/viranm/Desktop/tutorials/sample-project/backend/models/user.js": {"path":"/home/viranm/Desktop/tutorials/sample-project/backend/models/user.js","statementMap":{"0":{"start":{"line":1,"column":15},"end":{"line":1,"column":34}},"1":{"start":{"line":2,"column":13},"end":{"line":2,"column":28}},"2":{"start":{"line":4,"column":13},"end":{"line":16,"column":2}},"3":{"start":{"line":18,"column":0},"end":{"line":18,"column":48}}},"fnMap":{},"branchMap":{},"s":{"0":3,"1":3,"2":3,"3":3},"f":{},"b":{},"_coverageSchema":"332fd63041d2c1bcb487cc26dd0d5f7d97098a6c","hash":"c08d7be08e5acccd8fe4bbfc03a68b1fe21c8645"}
}
