TN:
SF:/home/viranm/Desktop/tutorials/sample-project/backend/test-setup.js
FN:8,(anonymous_0)
FN:13,clearDB
FN:15,(anonymous_2)
FN:29,(anonymous_3)
FN:45,(anonymous_4)
FNF:5
FNH:5
FNDA:3,(anonymous_0)
FNDA:3,clearDB
FNDA:9,(anonymous_2)
FNDA:3,(anonymous_3)
FNDA:3,(anonymous_4)
DA:1,3
DA:4,3
DA:5,3
DA:6,3
DA:8,3
DA:14,3
DA:15,9
DA:17,3
DA:25,3
DA:26,3
DA:27,3
DA:30,3
DA:31,0
DA:33,3
DA:37,0
DA:45,3
DA:46,3
DA:47,3
LF:18
LH:16
BRDA:25,0,0,3
BRDA:25,0,1,0
BRDA:30,1,0,0
BRDA:30,1,1,3
BRF:4
BRH:2
end_of_record
TN:
SF:/home/viranm/Desktop/tutorials/sample-project/backend/controllers/item-controller.js
FN:3,(anonymous_0)
FN:7,(anonymous_1)
FN:11,(anonymous_2)
FN:15,(anonymous_3)
FNF:4
FNH:4
FNDA:3,(anonymous_0)
FNDA:3,(anonymous_1)
FNDA:4,(anonymous_2)
FNDA:1,(anonymous_3)
DA:1,2
DA:3,2
DA:4,3
DA:7,2
DA:8,3
DA:11,2
DA:12,4
DA:15,2
DA:16,1
DA:19,2
LF:10
LH:10
BRF:0
BRH:0
end_of_record
TN:
SF:/home/viranm/Desktop/tutorials/sample-project/backend/controllers/order-controller.js
FN:4,(anonymous_0)
FN:7,(anonymous_1)
FN:10,(anonymous_2)
FN:14,(anonymous_3)
FN:20,(anonymous_4)
FN:21,(anonymous_5)
FN:32,(anonymous_6)
FN:50,(anonymous_7)
FN:51,(anonymous_8)
FN:53,(anonymous_9)
FN:61,(anonymous_10)
FN:62,(anonymous_11)
FNF:12
FNH:12
FNDA:1,(anonymous_0)
FNDA:2,(anonymous_1)
FNDA:9,(anonymous_2)
FNDA:1,(anonymous_3)
FNDA:4,(anonymous_4)
FNDA:4,(anonymous_5)
FNDA:2,(anonymous_6)
FNDA:2,(anonymous_7)
FNDA:2,(anonymous_8)
FNDA:1,(anonymous_9)
FNDA:2,(anonymous_10)
FNDA:2,(anonymous_11)
DA:1,1
DA:2,1
DA:4,1
DA:5,1
DA:7,1
DA:8,2
DA:10,1
DA:11,9
DA:14,1
DA:15,1
DA:20,1
DA:21,4
DA:22,4
DA:23,3
DA:24,3
DA:25,2
DA:26,1
DA:27,1
DA:28,1
DA:31,2
DA:32,2
DA:33,2
DA:34,1
DA:38,1
DA:40,1
DA:45,1
DA:50,1
DA:51,2
DA:52,2
DA:53,1
DA:54,1
DA:56,1
DA:61,1
DA:62,2
DA:63,2
DA:64,1
DA:65,1
DA:67,1
DA:72,1
LF:39
LH:39
BRDA:22,0,0,3
BRDA:22,0,1,1
BRDA:25,1,0,1
BRDA:25,1,1,1
BRDA:31,2,0,2
BRDA:31,2,1,0
BRDA:33,3,0,1
BRDA:33,3,1,1
BRDA:52,4,0,1
BRDA:52,4,1,1
BRDA:63,5,0,1
BRDA:63,5,1,1
BRF:12
BRH:11
end_of_record
TN:
SF:/home/viranm/Desktop/tutorials/sample-project/backend/controllers/user-controller.js
FN:7,(anonymous_0)
FN:9,(anonymous_1)
FN:18,(anonymous_2)
FN:19,(anonymous_3)
FN:42,(anonymous_4)
FN:45,(anonymous_5)
FN:47,(anonymous_6)
FN:49,(anonymous_7)
FN:50,(anonymous_8)
FN:68,(anonymous_9)
FNF:10
FNH:10
FNDA:2,(anonymous_0)
FNDA:2,(anonymous_1)
FNDA:5,(anonymous_2)
FNDA:5,(anonymous_3)
FNDA:3,(anonymous_4)
FNDA:3,(anonymous_5)
FNDA:2,(anonymous_6)
FNDA:1,(anonymous_7)
FNDA:1,(anonymous_8)
FNDA:1,(anonymous_9)
DA:1,1
DA:2,1
DA:3,1
DA:5,1
DA:7,1
DA:9,2
DA:10,2
DA:11,1
DA:13,1
DA:18,1
DA:19,5
DA:20,5
DA:21,2
DA:23,3
DA:24,1
DA:26,2
DA:27,1
DA:29,1
DA:30,1
DA:31,1
DA:32,1
DA:33,1
DA:35,0
DA:42,1
DA:43,3
DA:46,3
DA:47,2
DA:48,2
DA:49,1
DA:50,1
DA:51,1
DA:52,0
DA:54,1
DA:59,1
DA:63,1
DA:68,1
DA:69,1
DA:72,1
LF:38
LH:36
BRDA:10,0,0,1
BRDA:10,0,1,1
BRDA:20,1,0,2
BRDA:20,1,1,3
BRDA:20,2,0,5
BRDA:20,2,1,3
BRDA:23,3,0,1
BRDA:23,3,1,2
BRDA:23,4,0,3
BRDA:23,4,1,2
BRDA:26,5,0,1
BRDA:26,5,1,1
BRDA:46,6,0,2
BRDA:46,6,1,1
BRDA:48,7,0,1
BRDA:48,7,1,1
BRDA:51,8,0,0
BRDA:51,8,1,1
BRF:18
BRH:17
end_of_record
TN:
SF:/home/viranm/Desktop/tutorials/sample-project/backend/models/item.js
FNF:0
FNH:0
DA:1,3
DA:2,3
DA:4,3
DA:18,3
LF:4
LH:4
BRF:0
BRH:0
end_of_record
TN:
SF:/home/viranm/Desktop/tutorials/sample-project/backend/models/order.js
FNF:0
FNH:0
DA:1,3
DA:2,3
DA:4,3
DA:15,3
LF:4
LH:4
BRF:0
BRH:0
end_of_record
TN:
SF:/home/viranm/Desktop/tutorials/sample-project/backend/models/user.js
FNF:0
FNH:0
DA:1,3
DA:2,3
DA:3,3
DA:5,3
DA:19,3
LF:5
LH:5
BRF:0
BRH:0
end_of_record
